initial state
- - - - - - - - 
-             - 
-             - 
-             - 
-             - 
-             - 
- - - - - - - - 
--------------
set object : 153(id), 4(col), 4(row)
- - - - - - - - 
-             - 
-             - 
-     0       - 
-     0 0     - 
-       0     - 
- - - - - - - - 
--------------
set object : 147(id), 2(col), 2(row)
- - - - - - - - 
- 0 0         - 
-   0         - 
-   0 0       - 
-     0 0     - 
-       0     - 
- - - - - - - - 
--------------
set object : 56(id), 3(col), 5(row)
- - - - - - - - 
- 0 0         - 
-   0         - 
-   0 0 0 0 0 - 
-     0 0     - 
-       0     - 
- - - - - - - - 
--------------
set object : 408(id), 1(col), 5(row)
- - - - - - - - 
- 0 0   0 0   - 
-   0     0 0 - 
-   0 0 0 0 0 - 
-     0 0     - 
-       0     - 
- - - - - - - - 
--------------
set object : 201(id), 3(col), 2(row)
- - - - - - - - 
- 0 0   0 0   - 
- 0 0     0 0 - 
-             - 
- 0 0 0 0     - 
-       0     - 
- - - - - - - - 
--------------
set object : 144(id), 4(col), 6(row)
- - - - - - - - 
- 0 0   0 0   - 
- 0 0     0 0 - 
-             - 
- 0 0 0 0   0 - 
-       0   0 - 
- - - - - - - - 
--------------
set object : 466(id), 2(col), 3(row)
- - - - - - - - 
- 0 0 0 0 0   - 
- 0 0 0   0 0 - 
-   0 0 0     - 
- 0 0 0 0   0 - 
-       0   0 - 
- - - - - - - - 
--------------
set object : 75(id), 4(col), 6(row)
- - - - - - - - 
- 0 0 0 0     - 
- 0 0 0     0 - 
-   0 0 0   0 - 
-             - 
-       0   0 - 
- - - - - - - - 
--------------
set object : 154(id), 2(col), 5(row)
- - - - - - - - 
- 0 0 0 0 0   - 
-             - 
-   0 0 0 0 0 - 
-             - 
-       0   0 - 
- - - - - - - - 
--------------
set object : 240(id), 4(col), 3(row)
- - - - - - - - 
- 0 0 0 0 0   - 
-             - 
-   0 0 0 0 0 - 
-     0 0     - 
-   0 0 0   0 - 
- - - - - - - - 
--------------
set object : 79(id), 3(col), 2(row)
- - - - - - - - 
- 0 0   0 0   - 
- 0 0         - 
-             - 
- 0     0     - 
-   0   0   0 - 
- - - - - - - - 
--------------
set object : 484(id), 2(col), 5(row)
- - - - - - - - 
- 0 0   0 0 0 - 
- 0 0       0 - 
-       0 0 0 - 
- 0     0     - 
-   0   0   0 - 
- - - - - - - - 
--------------
set object : 295(id), 4(col), 2(row)
- - - - - - - - 
- 0 0   0 0 0 - 
- 0 0       0 - 
-             - 
- 0   0 0     - 
-   0 0 0   0 - 
- - - - - - - - 
--------------
set object : 179(id), 4(col), 5(row)
- - - - - - - - 
- 0 0   0 0 0 - 
- 0 0       0 - 
-       0 0   - 
- 0   0 0 0 0 - 
-   0 0 0 0 0 - 
- - - - - - - - 
--------------
set object : 480(id), 2(col), 2(row)
- - - - - - - - 
- 0 0   0 0 0 - 
- 0 0 0     0 - 
- 0 0 0 0 0   - 
- 0   0 0 0 0 - 
-   0 0 0 0 0 - 
- - - - - - - - 
--------------
score = 24
